<?xml version="1.0" encoding="UTF-8"?>
<!-- Generated by org.testng.reporters.JUnitReportReporter -->
<testsuite skipped="0" hostname="DESKTOP-VJNIOC8" name="qaclickacademy.RestAPITest" tests="2" failures="0" timestamp="2021-11-13T13:27:57 IST" time="0.005" errors="0">
  <testcase name="deleteTwitter" time="0.001" classname="qaclickacademy.RestAPITest"/>
  <system-out/>
  <testcase name="postJira" time="0.004" classname="qaclickacademy.RestAPITest"/>
  <system-out/>
</testsuite> <!-- qaclickacademy.RestAPITest -->
