<?xml version="1.0" encoding="UTF-8"?>
<!-- Generated by org.testng.reporters.JUnitReportReporter -->
<testsuite skipped="0" hostname="DESKTOP-VJNIOC8" name="qaclickacademy.AppiumTest" tests="2" failures="0" timestamp="2021-11-13T13:28:13 IST" time="0.007" errors="0">
  <testcase name="NativeAppAndroid" time="0.006" classname="qaclickacademy.AppiumTest"/>
  <system-out/>
  <testcase name="iOSApps" time="0.001" classname="qaclickacademy.AppiumTest"/>
  <system-out/>
</testsuite> <!-- qaclickacademy.AppiumTest -->
